\BOOKMARK [0][]{chapter*.2}{\376\377\000I\000n\000d\000l\000e\000d\000n\000i\000n\000g}{}% 1
\BOOKMARK [0][]{chapter*.3}{\376\377\000N\000i\000v\000e\000a\000u\000\040\0001}{}% 2
\BOOKMARK [1][]{table.caption.4}{\376\377\000E\000v\000n\000e\000\040\000b\000e\000s\000k\000r\000i\000v\000e\000l\000s\000e}{chapter*.3}% 3
\BOOKMARK [2][]{section*.5}{\376\377\000D\000i\000a\000g\000n\000o\000s\000e}{table.caption.4}% 4
\BOOKMARK [2][]{section*.5}{\376\377\000E\000k\000s\000t\000r\000a\000\040\000N\000K\000\040\000N\000i\000v\000.\000\040\0001}{table.caption.4}% 5
\BOOKMARK [2][]{section*.5}{\376\377\000F\000\370\000r\000s\000t\000e\000h\000j\000\346\000l\000p}{table.caption.4}% 6
\BOOKMARK [2][]{section*.5}{\376\377\000I\000n\000d\000k\000o\000m\000s\000t}{table.caption.4}% 7
\BOOKMARK [2][]{section*.5}{\376\377\000U\000r\000t\000e\000m\000i\000d\000l\000e\000r\000\040\000N\000i\000v\000.\000\040\0001}{table.caption.4}% 8
\BOOKMARK [0][]{chapter*.7}{\376\377\000N\000i\000v\000e\000a\000u\000\040\0002}{}% 9
\BOOKMARK [1][]{table.caption.8}{\376\377\000E\000v\000n\000e\000\040\000b\000e\000s\000k\000r\000i\000v\000e\000l\000s\000e}{chapter*.7}% 10
\BOOKMARK [2][]{section*.9}{\376\377\000E\000k\000s\000t\000r\000a\000\040\000L\000P\000\040\000N\000i\000v\000.\000\040\0001}{table.caption.8}% 11
\BOOKMARK [2][]{section*.9}{\376\377\000H\000e\000l\000b\000r\000e\000d\000\040\000S\000\345\000r}{table.caption.8}% 12
\BOOKMARK [2][]{section*.9}{\376\377\000L\000\346\000s\000e\000\040\000o\000g\000\040\000s\000k\000r\000i\000v\000e\000\040\000E\000l\000v\000i\000s\000k}{table.caption.8}% 13
\BOOKMARK [2][]{figure.caption.10}{\376\377\000U\000r\000t\000e\000m\000i\000d\000l\000e\000r\000\040\000N\000i\000v\000.\000\040\0002}{table.caption.8}% 14
\BOOKMARK [0][]{chapter*.12}{\376\377\000N\000i\000v\000e\000a\000u\000\040\0003}{}% 15
\BOOKMARK [1][]{table.caption.13}{\376\377\000E\000v\000n\000e\000\040\000b\000e\000s\000k\000r\000i\000v\000e\000l\000s\000e}{chapter*.12}% 16
\BOOKMARK [2][]{section*.14}{\376\377\000E\000k\000s\000t\000r\000a\000\040\000N\000K\000\040\000N\000i\000v\000.\000\040\0002}{table.caption.13}% 17
\BOOKMARK [2][]{section*.14}{\376\377\000K\000u\000r}{table.caption.13}% 18
\BOOKMARK [2][]{section*.14}{\376\377\000S\000y\000g\000d\000o\000m\000s\000\040\000s\000a\000m\000l\000e\000r}{table.caption.13}% 19
\BOOKMARK [2][]{section*.14}{\376\377\000T\000r\000i\000a\000g\000e}{table.caption.13}% 20
\BOOKMARK [2][]{section*.14}{\376\377\000U\000r\000t\000e\000m\000i\000d\000l\000e\000r\000\040\000N\000i\000v\000.\000\040\0003}{table.caption.13}% 21
\BOOKMARK [0][]{chapter*.16}{\376\377\000N\000i\000v\000e\000a\000u\000\040\0004}{}% 22
\BOOKMARK [1][]{section*.17}{\376\377\000E\000v\000n\000e\000\040\000b\000e\000s\000k\000r\000i\000v\000e\000l\000s\000e\000\040\000f\000o\000r\000\040\000L\000\346\000g\000e}{chapter*.16}% 23
\BOOKMARK [2][]{section*.17}{\376\377\000C\000e\000l\000l\000e\000\040\000I\000m\000m\000u\000n\000i\000t\000e\000t}{chapter*.16}% 24
\BOOKMARK [2][]{section*.17}{\376\377\000E\000k\000s\000t\000r\000a\000\040\000N\000K\000\040\000N\000i\000v\000.\000\040\0003}{chapter*.16}% 25
\BOOKMARK [2][]{section*.17}{\376\377\000K\000i\000r\000u\000r\000g}{chapter*.16}% 26
\BOOKMARK [2][]{section*.17}{\376\377\000P\000i\000l\000l\000e}{chapter*.16}% 27
\BOOKMARK [1][]{section*.17}{\376\377\000E\000v\000n\000e\000\040\000b\000e\000s\000k\000r\000i\000v\000e\000l\000s\000e\000\040\000f\000o\000r\000\040\000P\000s\000y\000k\000o\000t\000e\000r\000a\000p\000e\000u\000t}{chapter*.16}% 28
\BOOKMARK [2][]{section*.18}{\376\377\000G\000e\000n\000o\000p\000t\000r\000\346\000n\000i\000n\000g}{section*.17}% 29
\BOOKMARK [2][]{section*.18}{\376\377\000G\000u\000i\000d\000e\000d\000\040\000h\000e\000l\000b\000r\000e\000d\000e\000l\000s\000e}{section*.17}% 30
\BOOKMARK [2][]{section*.18}{\376\377\000M\000e\000n\000t\000a\000l\000\040\000B\000a\000r\000r\000i\000e\000r\000e}{section*.17}% 31
\BOOKMARK [2][]{section*.18}{\376\377\000U\000r\000t\000e\000\040\000o\000m\000s\000l\000a\000g}{section*.17}% 32
\BOOKMARK [0][]{chapter*.19}{\376\377\000G\000e\000n\000e\000r\000e\000l\000l\000e\000\040\000e\000v\000n\000e\000r}{}% 33
\BOOKMARK [1][]{table.caption.20}{\376\377\000E\000v\000n\000e\000\040\000b\000e\000s\000k\000r\000i\000v\000e\000l\000s\000e}{chapter*.19}% 34
\BOOKMARK [2][]{section*.21}{\376\377\0006\000.\000\040\000s\000a\000n\000s\000\040\000N\000i\000v\000.\000\040\0001}{table.caption.20}% 35
\BOOKMARK [2][]{section*.21}{\376\377\0006\000.\000\040\000s\000a\000n\000s\000\040\000N\000i\000v\000.\000\040\0002}{table.caption.20}% 36
\BOOKMARK [2][]{section*.21}{\376\377\000B\000o\000n\000k}{table.caption.20}% 37
\BOOKMARK [2][]{section*.21}{\376\377\000B\000r\000u\000g\000\040\000a\000f\000\040\000p\000i\000s\000t\000o\000l}{table.caption.20}% 38
\BOOKMARK [2][]{section*.21}{\376\377\000B\000\346\000r\000e\000\040\000p\000e\000r\000s\000o\000n}{table.caption.20}% 39
\BOOKMARK [2][]{section*.21}{\376\377\000K\000a\000m\000p\000\040\000m\000e\000d\000\040\000t\000o\000h\000\345\000n\000d\000s\000v\000\345\000b\000e\000n}{table.caption.20}% 40
\BOOKMARK [2][]{section*.21}{\376\377\000F\000\370\000r\000s\000t\000e\000h\000j\000\346\000l\000p}{table.caption.20}% 41
\BOOKMARK [2][]{section*.21}{\376\377\000L\000\346\000s\000e\000\040\000o\000g\000\040\000s\000k\000r\000i\000v\000e}{table.caption.20}% 42
\BOOKMARK [2][]{section*.21}{\376\377\000M\000i\000n\000e\000a\000r\000b\000e\000j\000d\000e\000r}{table.caption.20}% 43
\BOOKMARK [2][]{section*.21}{\376\377\000P\000\345\000f\000\370\000r\000\040\000g\000i\000f\000t}{table.caption.20}% 44
\BOOKMARK [2][]{section*.21}{\376\377\000S\000l\000a\000g\000s\000b\000r\000o\000r\000\040\000N\000i\000v\000.\000\040\0001}{table.caption.20}% 45
\BOOKMARK [2][]{section*.21}{\376\377\000S\000l\000a\000g\000s\000b\000r\000o\000r\000\040\000N\000i\000v\000.\000\040\0002}{table.caption.20}% 46
\BOOKMARK [2][]{section*.21}{\376\377\000S\000l\000a\000g\000s\000b\000r\000o\000r\000\040\000N\000i\000v\000.\000\040\0002}{table.caption.20}% 47
\BOOKMARK [2][]{section*.21}{\376\377\000S\000p\000e\000c\000i\000a\000l\000e}{table.caption.20}% 48
\BOOKMARK [2][]{section*.21}{\376\377\000U\000r\000t\000e\000s\000a\000m\000l\000e\000r}{table.caption.20}% 49
